Tue, Nov 12, 2013  6:28:35 PM
 560 document/1_intro.md
 143 document/2_litreview.md
 703 total
Count	8
----
Tue, Nov 12, 2013  6:32:08 PM
 560 document/1_intro.md
 143 document/2_litreview.md
   8 document/3_apriori.md
   7 document/4_posterior.md
   4 document/5_conclusions.md
 722 total
Count	8
----
Fri Nov 15 02:41:52 CST 2013
     593 document/1_intro.md
     141 document/2_litreview.md
       6 document/3_apriori.md
       5 document/4_posterior.md
       2 document/5_conclusions.md
     747 total
Count	
----
Thu Nov 21 14:56:06 CST 2013
     605 document/1_intro.md
     141 document/2_litreview.md
       6 document/3_apriori.md
       5 document/4_posterior.md
       2 document/5_conclusions.md
     759 total
Count	
----
Thu Nov 21 14:56:38 CST 2013
     605 document/1_intro.md
     141 document/2_litreview.md
       6 document/3_apriori.md
       5 document/4_posterior.md
       2 document/5_conclusions.md
     759 total
Count	
----
Thu Nov 21 14:57:14 CST 2013
     605 document/1_intro.md
     141 document/2_litreview.md
       6 document/3_apriori.md
       5 document/4_posterior.md
       2 document/5_conclusions.md
     759 total
Count	
----
Thu Nov 21 16:25:36 CST 2013
     639 document/1_intro.md
     141 document/2_litreview.md
       6 document/3_apriori.md
       5 document/4_posterior.md
       2 document/5_conclusions.md
     793 total
Count	
----
Thu Nov 21 17:32:53 CST 2013
     665 document/1_intro.md
     141 document/2_litreview.md
       6 document/3_apriori.md
       5 document/4_posterior.md
       2 document/5_conclusions.md
     819 total
Count	
----
Thu Nov 21 21:10:14 CST 2013
     888 document/1_intro.md
     141 document/2_litreview.md
       6 document/3_apriori.md
       5 document/4_posterior.md
       2 document/5_conclusions.md
    1042 total
Count	
----
Fri Nov 22 15:08:23 CST 2013
    1055 document/1_intro.md
     141 document/2_litreview.md
       6 document/3_apriori.md
       5 document/4_posterior.md
       2 document/5_conclusions.md
    1209 total
Count	
----
Sat Nov 23 15:12:52 CST 2013
     838 document/1_intro.md
     141 document/2_litreview.md
     385 document/3_apriori.md
       5 document/4_posterior.md
       2 document/5_conclusions.md
    1371 total
Count	
----
Sun Nov 24 21:01:41 CST 2013
     838 document/1_intro.md
     141 document/2_litreview.md
     819 document/3_apriori.md
       5 document/4_posterior.md
       2 document/5_conclusions.md
    1805 total
Count	
----
Mon Nov 25 00:26:22 CST 2013
     838 document/1_intro.md
     141 document/2_litreview.md
    1029 document/3_apriori.md
       5 document/4_posterior.md
       2 document/5_conclusions.md
    2015 total
Count	
----
